# stix -f /data/jake/stix-lr/results/2025_12-colo_germline_split/colo_germline.chrM.vcf -T 1 -s 500 -B shardfile.txt > /data/jake/stix-lr/results/2025_12-colo-stix_lr/colo_germline.chrM.stix_lr.min_read_1.vcf #	858s
# stix -f /data/jake/stix-lr/results/2025_12-colo_germline_split/colo_germline.chr14.vcf -T 1 -s 500 -B shardfile.txt > /data/jake/stix-lr/results/2025_12-colo-stix_lr/colo_germline.chr14.stix_lr.min_read_1.vcf #	58778s
# stix -f /data/jake/stix-lr/results/2025_12-colo_germline_split/colo_germline.chrY.vcf -T 1 -s 500 -B shardfile.txt > /data/jake/stix-lr/results/2025_12-colo-stix_lr/colo_germline.chrY.stix_lr.min_read_1.vcf #	61260s
# stix -f /data/jake/stix-lr/results/2025_12-colo_germline_split/colo_germline.chr22.vcf -T 1 -s 500 -B shardfile.txt > /data/jake/stix-lr/results/2025_12-colo-stix_lr/colo_germline.chr22.stix_lr.min_read_1.vcf #	72500s
# stix -f /data/jake/stix-lr/results/2025_12-colo_germline_split/colo_germline.chr15.vcf -T 1 -s 500 -B shardfile.txt > /data/jake/stix-lr/results/2025_12-colo-stix_lr/colo_germline.chr15.stix_lr.min_read_1.vcf #	74033s
# stix -f /data/jake/stix-lr/results/2025_12-colo_germline_split/colo_germline.chr21.vcf -T 1 -s 500 -B shardfile.txt > /data/jake/stix-lr/results/2025_12-colo-stix_lr/colo_germline.chr21.stix_lr.min_read_1.vcf #	76172s
# stix -f /data/jake/stix-lr/results/2025_12-colo_germline_split/colo_germline.chr18.vcf -T 1 -s 500 -B shardfile.txt > /data/jake/stix-lr/results/2025_12-colo-stix_lr/colo_germline.chr18.stix_lr.min_read_1.vcf #	81705s
# stix -f /data/jake/stix-lr/results/2025_12-colo_germline_split/colo_germline.chr19.vcf -T 1 -s 500 -B shardfile.txt > /data/jake/stix-lr/results/2025_12-colo-stix_lr/colo_germline.chr19.stix_lr.min_read_1.vcf #	83612s
# stix -f /data/jake/stix-lr/results/2025_12-colo_germline_split/colo_germline.chr13.vcf -T 1 -s 500 -B shardfile.txt > /data/jake/stix-lr/results/2025_12-colo-stix_lr/colo_germline.chr13.stix_lr.min_read_1.vcf #	94981s
# stix -f /data/jake/stix-lr/results/2025_12-colo_germline_split/colo_germline.chrX.vcf -T 1 -s 500 -B shardfile.txt > /data/jake/stix-lr/results/2025_12-colo-stix_lr/colo_germline.chrX.stix_lr.min_read_1.vcf #	98619s
# stix -f /data/jake/stix-lr/results/2025_12-colo_germline_split/colo_germline.chr17.vcf -T 1 -s 500 -B shardfile.txt > /data/jake/stix-lr/results/2025_12-colo-stix_lr/colo_germline.chr17.stix_lr.min_read_1.vcf #	103972s
# stix -f /data/jake/stix-lr/results/2025_12-colo_germline_split/colo_germline.chr8.vcf -T 1 -s 500 -B shardfile.txt > /data/jake/stix-lr/results/2025_12-colo-stix_lr/colo_germline.chr8.stix_lr.min_read_1.vcf #	105358s
# stix -f /data/jake/stix-lr/results/2025_12-colo_germline_split/colo_germline.chr16.vcf -T 1 -s 500 -B shardfile.txt > /data/jake/stix-lr/results/2025_12-colo-stix_lr/colo_germline.chr16.stix_lr.min_read_1.vcf #	105372s
# stix -f /data/jake/stix-lr/results/2025_12-colo_germline_split/colo_germline.chr20.vcf -T 1 -s 500 -B shardfile.txt > /data/jake/stix-lr/results/2025_12-colo-stix_lr/colo_germline.chr20.stix_lr.min_read_1.vcf #	105922s
# stix -f /data/jake/stix-lr/results/2025_12-colo_germline_split/colo_germline.chr11.vcf -T 1 -s 500 -B shardfile.txt > /data/jake/stix-lr/results/2025_12-colo-stix_lr/colo_germline.chr11.stix_lr.min_read_1.vcf #	106450s
# stix -f /data/jake/stix-lr/results/2025_12-colo_germline_split/colo_germline.chr12.vcf -T 1 -s 500 -B shardfile.txt > /data/jake/stix-lr/results/2025_12-colo-stix_lr/colo_germline.chr12.stix_lr.min_read_1.vcf #	107400s
# stix -f /data/jake/stix-lr/results/2025_12-colo_germline_split/colo_germline.chr3.vcf -T 1 -s 500 -B shardfile.txt > /data/jake/stix-lr/results/2025_12-colo-stix_lr/colo_germline.chr3.stix_lr.min_read_1.vcf #	115252s
# stix -f /data/jake/stix-lr/results/2025_12-colo_germline_split/colo_germline.chr9.vcf -T 1 -s 500 -B shardfile.txt > /data/jake/stix-lr/results/2025_12-colo-stix_lr/colo_germline.chr9.stix_lr.min_read_1.vcf #	116105s
# stix -f /data/jake/stix-lr/results/2025_12-colo_germline_split/colo_germline.chr6.vcf -T 1 -s 500 -B shardfile.txt > /data/jake/stix-lr/results/2025_12-colo-stix_lr/colo_germline.chr6.stix_lr.min_read_1.vcf #	128557s
# stix -f /data/jake/stix-lr/results/2025_12-colo_germline_split/colo_germline.chr14.vcf -T 5 -s 500 -B shardfile.txt > /data/jake/stix-lr/results/2025_12-colo-stix_lr/colo_germline.chr14.stix_lr.min_read_5.vcf #	57008s
# stix -f /data/jake/stix-lr/results/2025_12-colo_germline_split/colo_germline.chr5.vcf -T 1 -s 500 -B shardfile.txt > /data/jake/stix-lr/results/2025_12-colo-stix_lr/colo_germline.chr5.stix_lr.min_read_1.vcf #	136536s
# stix -f /data/jake/stix-lr/results/2025_12-colo_germline_split/colo_germline.chr10.vcf -T 1 -s 500 -B shardfile.txt > /data/jake/stix-lr/results/2025_12-colo-stix_lr/colo_germline.chr10.stix_lr.min_read_1.vcf #	141014s
# stix -f /data/jake/stix-lr/results/2025_12-colo_germline_split/colo_germline.chr7.vcf -T 1 -s 500 -B shardfile.txt > /data/jake/stix-lr/results/2025_12-colo-stix_lr/colo_germline.chr7.stix_lr.min_read_1.vcf #	147208s
# stix -f /data/jake/stix-lr/results/2025_12-colo_germline_split/colo_germline.chrM.vcf -T 5 -s 500 -B shardfile.txt > /data/jake/stix-lr/results/2025_12-colo-stix_lr/colo_germline.chrM.stix_lr.min_read_5.vcf #	880s
# stix -f /data/jake/stix-lr/results/2025_12-colo_germline_split/colo_germline.chr15.vcf -T 5 -s 500 -B shardfile.txt > /data/jake/stix-lr/results/2025_12-colo-stix_lr/colo_germline.chr15.stix_lr.min_read_5.vcf #	71744s
# stix -f /data/jake/stix-lr/results/2025_12-colo_germline_split/colo_germline.chr4.vcf -T 1 -s 500 -B shardfile.txt > /data/jake/stix-lr/results/2025_12-colo-stix_lr/colo_germline.chr4.stix_lr.min_read_1.vcf #	163078s
# stix -f /data/jake/stix-lr/results/2025_12-colo_germline_split/colo_germline.chr11.vcf -T 5 -s 500 -B shardfile.txt > /data/jake/stix-lr/results/2025_12-colo-stix_lr/colo_germline.chr11.stix_lr.min_read_5.vcf #	102887s
# stix -f /data/jake/stix-lr/results/2025_12-colo_germline_split/colo_germline.chr13.vcf -T 5 -s 500 -B shardfile.txt > /data/jake/stix-lr/results/2025_12-colo-stix_lr/colo_germline.chr13.stix_lr.min_read_5.vcf #	91885s
# stix -f /data/jake/stix-lr/results/2025_12-colo_germline_split/colo_germline.chr2.vcf -T 1 -s 500 -B shardfile.txt > /data/jake/stix-lr/results/2025_12-colo-stix_lr/colo_germline.chr2.stix_lr.min_read_1.vcf #	172568s
# stix -f /data/jake/stix-lr/results/2025_12-colo_germline_split/colo_germline.chr12.vcf -T 5 -s 500 -B shardfile.txt > /data/jake/stix-lr/results/2025_12-colo-stix_lr/colo_germline.chr12.stix_lr.min_read_5.vcf #	101757s
# stix -f /data/jake/stix-lr/results/2025_12-colo_germline_split/colo_germline.chr22.vcf -T 5 -s 500 -B shardfile.txt > /data/jake/stix-lr/results/2025_12-colo-stix_lr/colo_germline.chr22.stix_lr.min_read_5.vcf #	69374s
# stix -f /data/jake/stix-lr/results/2025_12-colo_germline_split/colo_germline.chr18.vcf -T 5 -s 500 -B shardfile.txt > /data/jake/stix-lr/results/2025_12-colo-stix_lr/colo_germline.chr18.stix_lr.min_read_5.vcf #	77979s
# stix -f /data/jake/stix-lr/results/2025_12-colo_germline_split/colo_germline.chr21.vcf -T 5 -s 500 -B shardfile.txt > /data/jake/stix-lr/results/2025_12-colo-stix_lr/colo_germline.chr21.stix_lr.min_read_5.vcf #	71964s
# stix -f /data/jake/stix-lr/results/2025_12-colo_germline_split/colo_germline.chr19.vcf -T 5 -s 500 -B shardfile.txt > /data/jake/stix-lr/results/2025_12-colo-stix_lr/colo_germline.chr19.stix_lr.min_read_5.vcf #	76027s
# stix -f /data/jake/stix-lr/results/2025_12-colo_germline_split/colo_germline.chr16.vcf -T 5 -s 500 -B shardfile.txt > /data/jake/stix-lr/results/2025_12-colo-stix_lr/colo_germline.chr16.stix_lr.min_read_5.vcf #	97233s
# stix -f /data/jake/stix-lr/results/2025_12-colo_germline_split/colo_germline.chr17.vcf -T 5 -s 500 -B shardfile.txt > /data/jake/stix-lr/results/2025_12-colo-stix_lr/colo_germline.chr17.stix_lr.min_read_5.vcf #	92118s
# stix -f /data/jake/stix-lr/results/2025_12-colo_germline_split/colo_germline.chr10.vcf -T 5 -s 500 -B shardfile.txt > /data/jake/stix-lr/results/2025_12-colo-stix_lr/colo_germline.chr10.stix_lr.min_read_5.vcf #	130971s
# stix -f /data/jake/stix-lr/results/2025_12-colo_germline_split/colo_germline.chr1.vcf -T 1 -s 500 -B shardfile.txt > /data/jake/stix-lr/results/2025_12-colo-stix_lr/colo_germline.chr1.stix_lr.min_read_1.vcf #	193035s
# stix -f /data/jake/stix-lr/results/2025_12-colo_germline_split/colo_germline.chr20.vcf -T 5 -s 500 -B shardfile.txt > /data/jake/stix-lr/results/2025_12-colo-stix_lr/colo_germline.chr20.stix_lr.min_read_5.vcf #	88316s
# stix -f /data/jake/stix-lr/results/2025_12-colo_germline_split/colo_germline.chr1.vcf -T 5 -s 500 -B shardfile.txt > /data/jake/stix-lr/results/2025_12-colo-stix_lr/colo_germline.chr1.stix_lr.min_read_5.vcf #	193425s
# stix -f /data/jake/stix-lr/results/2025_12-colo_germline_split/colo_germline.chr3.vcf -T 5 -s 500 -B shardfile.txt > /data/jake/stix-lr/results/2025_12-colo-stix_lr/colo_germline.chr3.stix_lr.min_read_5.vcf #	90635s
# stix -f /data/jake/stix-lr/results/2025_12-colo_germline_split/colo_germline.chrY.vcf -T 5 -s 500 -B shardfile.txt > /data/jake/stix-lr/results/2025_12-colo-stix_lr/colo_germline.chrY.stix_lr.min_read_5.vcf #	45584s
# stix -f /data/jake/stix-lr/results/2025_12-colo_germline_split/colo_germline.chr8.vcf -T 5 -s 500 -B shardfile.txt > /data/jake/stix-lr/results/2025_12-colo-stix_lr/colo_germline.chr8.stix_lr.min_read_5.vcf #	68665s
# stix -f /data/jake/stix-lr/results/2025_12-colo_germline_split/colo_germline.chrX.vcf -T 5 -s 500 -B shardfile.txt > /data/jake/stix-lr/results/2025_12-colo-stix_lr/colo_germline.chrX.stix_lr.min_read_5.vcf #	58207s
# stix -f /data/jake/stix-lr/results/2025_12-colo_germline_split/colo_germline.chr5.vcf -T 5 -s 500 -B shardfile.txt > /data/jake/stix-lr/results/2025_12-colo-stix_lr/colo_germline.chr5.stix_lr.min_read_5.vcf #	91965s
# stix -f /data/jake/stix-lr/results/2025_12-colo_germline_split/colo_germline.chr6.vcf -T 5 -s 500 -B shardfile.txt > /data/jake/stix-lr/results/2025_12-colo-stix_lr/colo_germline.chr6.stix_lr.min_read_5.vcf #	80524s
# stix -f /data/jake/stix-lr/results/2025_12-colo_germline_split/colo_germline.chr9.vcf -T 5 -s 500 -B shardfile.txt > /data/jake/stix-lr/results/2025_12-colo-stix_lr/colo_germline.chr9.stix_lr.min_read_5.vcf #	68140s
# stix -f /data/jake/stix-lr/results/2025_12-colo_germline_split/colo_germline.chr2.vcf -T 5 -s 500 -B shardfile.txt > /data/jake/stix-lr/results/2025_12-colo-stix_lr/colo_germline.chr2.stix_lr.min_read_5.vcf #	105662s
# stix -f /data/jake/stix-lr/results/2025_12-colo_germline_split/colo_germline.chr7.vcf -T 5 -s 500 -B shardfile.txt > /data/jake/stix-lr/results/2025_12-colo-stix_lr/colo_germline.chr7.stix_lr.min_read_5.vcf #	78119s
# stix -f /data/jake/stix-lr/results/2025_12-colo_germline_split/colo_germline.chr4.vcf -T 5 -s 500 -B shardfile.txt > /data/jake/stix-lr/results/2025_12-colo-stix_lr/colo_germline.chr4.stix_lr.min_read_5.vcf #	96054s
# SUCCESS
