Input file: ../results/2025_12-colo-filtered/colo829_germline.vcf
Output file: /data/jake/stix-lr/results/2026_01-colo-svafotate-filt-rerun/germline/colo829_germline_cln.vcf
Filtering BNDs
[W::bcf_hdr_check_sanity] AF should be declared as Number=A
Setting END type and AF header line
Done. Output written to /data/jake/stix-lr/results/2026_01-colo-svafotate-filt-rerun/germline/colo829_germline_cln.vcf

Annotating the following VCF: /data/jake/stix-lr/results/2026_01-colo-svafotate-filt-rerun/germline/colo829_germline_cln.vcf

Reading the following data source file: ../data/2025_11-svafotate_bed/SVAFotate_core_SV_popAFs.GRCh38.v4.1.bed.gz

Annotating with the following sources and reciprocal overlap fractions:
gnomAD	0.5
CCDG	0.5
TOPMed	0.5
ThousG	0.5

Gathering SV coordinates from VCF file: /data/jake/stix-lr/results/2026_01-colo-svafotate-filt-rerun/germline/colo829_germline_cln.vcf

Creating pyranges object from VCF data...

Running pyranges.join for:
gnomAD

Running pyranges.join for:
CCDG

Running pyranges.join for:
TOPMed

Running pyranges.join for:
ThousG

Creating pyranges objects per SVTYPE from VCF data...

Adding annotations to output VCF...

Annoted VCF writen to: /data/jake/stix-lr/results/2026_01-colo-svafotate-filt-rerun/germline/svafotate-overlap_0.5-source_all.vcf

DONE

Annotating the following VCF: /data/jake/stix-lr/results/2026_01-colo-svafotate-filt-rerun/germline/colo829_germline_cln.vcf

Reading the following data source file: ../data/2025_11-svafotate_bed/SVAFotate_core_SV_popAFs.GRCh38.v4.1.bed.gz

Annotating with the following sources and reciprocal overlap fractions:
gnomAD	0.6
TOPMed	0.6
ThousG	0.6
CCDG	0.6

Gathering SV coordinates from VCF file: /data/jake/stix-lr/results/2026_01-colo-svafotate-filt-rerun/germline/colo829_germline_cln.vcf

Creating pyranges object from VCF data...

Running pyranges.join for:
gnomAD

Running pyranges.join for:
TOPMed

Running pyranges.join for:
ThousG

Running pyranges.join for:
CCDG

Creating pyranges objects per SVTYPE from VCF data...

Adding annotations to output VCF...

Annoted VCF writen to: /data/jake/stix-lr/results/2026_01-colo-svafotate-filt-rerun/germline/svafotate-overlap_0.6-source_all.vcf

DONE

Annotating the following VCF: /data/jake/stix-lr/results/2026_01-colo-svafotate-filt-rerun/germline/colo829_germline_cln.vcf

Reading the following data source file: ../data/2025_11-svafotate_bed/SVAFotate_core_SV_popAFs.GRCh38.v4.1.bed.gz

Annotating with the following sources and reciprocal overlap fractions:
TOPMed	0.8
CCDG	0.8
ThousG	0.8
gnomAD	0.8

Gathering SV coordinates from VCF file: /data/jake/stix-lr/results/2026_01-colo-svafotate-filt-rerun/germline/colo829_germline_cln.vcf

Creating pyranges object from VCF data...

Running pyranges.join for:
TOPMed

Running pyranges.join for:
CCDG

Running pyranges.join for:
ThousG

Running pyranges.join for:
gnomAD

Creating pyranges objects per SVTYPE from VCF data...

Adding annotations to output VCF...

Annoted VCF writen to: /data/jake/stix-lr/results/2026_01-colo-svafotate-filt-rerun/germline/svafotate-overlap_0.8-source_all.vcf

DONE

Annotating the following VCF: /data/jake/stix-lr/results/2026_01-colo-svafotate-filt-rerun/germline/colo829_germline_cln.vcf

Reading the following data source file: ../data/2025_11-svafotate_bed/SVAFotate_core_SV_popAFs.GRCh38.v4.1.bed.gz

Annotating with the following sources and reciprocal overlap fractions:
CCDG	0.7
ThousG	0.7
gnomAD	0.7
TOPMed	0.7

Gathering SV coordinates from VCF file: /data/jake/stix-lr/results/2026_01-colo-svafotate-filt-rerun/germline/colo829_germline_cln.vcf

Creating pyranges object from VCF data...

Running pyranges.join for:
CCDG

Running pyranges.join for:
ThousG

Running pyranges.join for:
gnomAD

Running pyranges.join for:
TOPMed

Creating pyranges objects per SVTYPE from VCF data...

Adding annotations to output VCF...

Annoted VCF writen to: /data/jake/stix-lr/results/2026_01-colo-svafotate-filt-rerun/germline/svafotate-overlap_0.7-source_all.vcf

DONE

Annotating the following VCF: /data/jake/stix-lr/results/2026_01-colo-svafotate-filt-rerun/germline/colo829_germline_cln.vcf

Reading the following data source file: ../data/2025_11-svafotate_bed/SVAFotate_core_SV_popAFs.GRCh38.v4.1.bed.gz

Annotating with the following sources and reciprocal overlap fractions:
TOPMed	0.9
CCDG	0.9
ThousG	0.9
gnomAD	0.9

Gathering SV coordinates from VCF file: /data/jake/stix-lr/results/2026_01-colo-svafotate-filt-rerun/germline/colo829_germline_cln.vcf

Creating pyranges object from VCF data...

Running pyranges.join for:
TOPMed

Running pyranges.join for:
CCDG

Running pyranges.join for:
ThousG

Running pyranges.join for:
gnomAD

Creating pyranges objects per SVTYPE from VCF data...

Adding annotations to output VCF...

Annoted VCF writen to: /data/jake/stix-lr/results/2026_01-colo-svafotate-filt-rerun/germline/svafotate-overlap_0.9-source_all.vcf

DONE
Running cmd: /data/jake/stix-lr/src/setup_colo_vcf.sh -i ../results/2025_12-colo-filtered/colo829_germline.vcf -o /data/jake/stix-lr/results/2026_01-colo-svafotate-filt-rerun/germline/colo829_germline_cln.vcf --sedfile /data/jake/stix-lr/src/setup_vcf.sed
Starting SVAFotate experiments...
Running SVAFotate for overlap 0.5, source all
Running cmd: /data/jake/miniconda3/envs/svafotate-env/bin/svafotate annotate -v /data/jake/stix-lr/results/2026_01-colo-svafotate-filt-rerun/germline/colo829_germline_cln.vcf -b ../data/2025_11-svafotate_bed/SVAFotate_core_SV_popAFs.GRCh38.v4.1.bed.gz -f 0.5 -O vcf -o /data/jake/stix-lr/results/2026_01-colo-svafotate-filt-rerun/germline/svafotate-overlap_0.5-source_all.vcf --cpu 1
# wrote time to /data/jake/stix-lr/results/2026_01-colo-svafotate-filt-rerun/svafotate_germline.time
Extracting Max_AF for overlap 0.5, source all
Running cmd: /data/jake/miniconda3/bin/bcftools query -f '%INFO/Max_AF
' /data/jake/stix-lr/results/2026_01-colo-svafotate-filt-rerun/germline/svafotate-overlap_0.5-source_all.vcf > /data/jake/stix-lr/results/2026_01-colo-svafotate-filt-rerun/germline/svafotate-overlap_0.5-source_all_maxaf.txt
SVAFotate completed for overlap 0.5, source all in 417.43 seconds
Running SVAFotate for overlap 0.6, source all
Running cmd: /data/jake/miniconda3/envs/svafotate-env/bin/svafotate annotate -v /data/jake/stix-lr/results/2026_01-colo-svafotate-filt-rerun/germline/colo829_germline_cln.vcf -b ../data/2025_11-svafotate_bed/SVAFotate_core_SV_popAFs.GRCh38.v4.1.bed.gz -f 0.6 -O vcf -o /data/jake/stix-lr/results/2026_01-colo-svafotate-filt-rerun/germline/svafotate-overlap_0.6-source_all.vcf --cpu 1
# wrote time to /data/jake/stix-lr/results/2026_01-colo-svafotate-filt-rerun/svafotate_germline.time
Extracting Max_AF for overlap 0.6, source all
Running cmd: /data/jake/miniconda3/bin/bcftools query -f '%INFO/Max_AF
' /data/jake/stix-lr/results/2026_01-colo-svafotate-filt-rerun/germline/svafotate-overlap_0.6-source_all.vcf > /data/jake/stix-lr/results/2026_01-colo-svafotate-filt-rerun/germline/svafotate-overlap_0.6-source_all_maxaf.txt
SVAFotate completed for overlap 0.6, source all in 413.27 seconds
Running SVAFotate for overlap 0.8, source all
Running cmd: /data/jake/miniconda3/envs/svafotate-env/bin/svafotate annotate -v /data/jake/stix-lr/results/2026_01-colo-svafotate-filt-rerun/germline/colo829_germline_cln.vcf -b ../data/2025_11-svafotate_bed/SVAFotate_core_SV_popAFs.GRCh38.v4.1.bed.gz -f 0.8 -O vcf -o /data/jake/stix-lr/results/2026_01-colo-svafotate-filt-rerun/germline/svafotate-overlap_0.8-source_all.vcf --cpu 1
# wrote time to /data/jake/stix-lr/results/2026_01-colo-svafotate-filt-rerun/svafotate_germline.time
Extracting Max_AF for overlap 0.8, source all
Running cmd: /data/jake/miniconda3/bin/bcftools query -f '%INFO/Max_AF
' /data/jake/stix-lr/results/2026_01-colo-svafotate-filt-rerun/germline/svafotate-overlap_0.8-source_all.vcf > /data/jake/stix-lr/results/2026_01-colo-svafotate-filt-rerun/germline/svafotate-overlap_0.8-source_all_maxaf.txt
SVAFotate completed for overlap 0.8, source all in 415.26 seconds
Running SVAFotate for overlap 0.7, source all
Running cmd: /data/jake/miniconda3/envs/svafotate-env/bin/svafotate annotate -v /data/jake/stix-lr/results/2026_01-colo-svafotate-filt-rerun/germline/colo829_germline_cln.vcf -b ../data/2025_11-svafotate_bed/SVAFotate_core_SV_popAFs.GRCh38.v4.1.bed.gz -f 0.7 -O vcf -o /data/jake/stix-lr/results/2026_01-colo-svafotate-filt-rerun/germline/svafotate-overlap_0.7-source_all.vcf --cpu 1
# wrote time to /data/jake/stix-lr/results/2026_01-colo-svafotate-filt-rerun/svafotate_germline.time
Extracting Max_AF for overlap 0.7, source all
Running cmd: /data/jake/miniconda3/bin/bcftools query -f '%INFO/Max_AF
' /data/jake/stix-lr/results/2026_01-colo-svafotate-filt-rerun/germline/svafotate-overlap_0.7-source_all.vcf > /data/jake/stix-lr/results/2026_01-colo-svafotate-filt-rerun/germline/svafotate-overlap_0.7-source_all_maxaf.txt
SVAFotate completed for overlap 0.7, source all in 417.62 seconds
Running SVAFotate for overlap 0.9, source all
Running cmd: /data/jake/miniconda3/envs/svafotate-env/bin/svafotate annotate -v /data/jake/stix-lr/results/2026_01-colo-svafotate-filt-rerun/germline/colo829_germline_cln.vcf -b ../data/2025_11-svafotate_bed/SVAFotate_core_SV_popAFs.GRCh38.v4.1.bed.gz -f 0.9 -O vcf -o /data/jake/stix-lr/results/2026_01-colo-svafotate-filt-rerun/germline/svafotate-overlap_0.9-source_all.vcf --cpu 1
# wrote time to /data/jake/stix-lr/results/2026_01-colo-svafotate-filt-rerun/svafotate_germline.time
Extracting Max_AF for overlap 0.9, source all
Running cmd: /data/jake/miniconda3/bin/bcftools query -f '%INFO/Max_AF
' /data/jake/stix-lr/results/2026_01-colo-svafotate-filt-rerun/germline/svafotate-overlap_0.9-source_all.vcf > /data/jake/stix-lr/results/2026_01-colo-svafotate-filt-rerun/germline/svafotate-overlap_0.9-source_all_maxaf.txt
SVAFotate completed for overlap 0.9, source all in 413.44 seconds
All SVAFotate experiments completed.
Total time elapsed: 2077.34 seconds
